2019-06-06 01:23:59.239 ERROR 5964 --- [main] o.s.b.c.l.LoggingApplicationListener     : Cannot set level 'TARCE' for 'null'
2019-06-06 01:23:59.411  INFO 5964 --- [main] c.example.mpdemo.mapper.TestUserMapper   : Starting TestUserMapper on honer with PID 5964 (started by fung in F:\workSpace\IDEA_workspace\mpdemo)
2019-06-06 01:23:59.411  INFO 5964 --- [main] c.example.mpdemo.mapper.TestUserMapper   : The following profiles are active: dev
2019-06-06 01:24:00.515  WARN 5964 --- [main] o.m.s.mapper.ClassPathMapperScanner      : Skipping MapperFactoryBean with name 'cityMapper' and 'com.example.mpdemo.mapper.CityMapper' mapperInterface. Bean already defined with the same name!
2019-06-06 01:24:00.515  WARN 5964 --- [main] o.m.s.mapper.ClassPathMapperScanner      : Skipping MapperFactoryBean with name 'roleMapper' and 'com.example.mpdemo.mapper.RoleMapper' mapperInterface. Bean already defined with the same name!
2019-06-06 01:24:00.515  WARN 5964 --- [main] o.m.s.mapper.ClassPathMapperScanner      : Skipping MapperFactoryBean with name 'userMapper' and 'com.example.mpdemo.mapper.UserMapper' mapperInterface. Bean already defined with the same name!
2019-06-06 01:24:00.515  WARN 5964 --- [main] o.m.s.mapper.ClassPathMapperScanner      : Skipping MapperFactoryBean with name 'userRoleMapper' and 'com.example.mpdemo.mapper.UserRoleMapper' mapperInterface. Bean already defined with the same name!
2019-06-06 01:24:00.515  WARN 5964 --- [main] o.m.s.mapper.ClassPathMapperScanner      : No MyBatis mapper was found in '[com.example.mpdemo.mapper]' package. Please check your configuration.
2019-06-06 01:24:01.374  INFO 5964 --- [main] com.zaxxer.hikari.HikariDataSource       : primaryData - Starting...
2019-06-06 01:24:01.536  INFO 5964 --- [main] com.zaxxer.hikari.HikariDataSource       : primaryData - Start completed.
2019-06-06 01:24:02.600  INFO 5964 --- [main] o.s.s.concurrent.ThreadPoolTaskExecutor  : Initializing ExecutorService 'applicationTaskExecutor'
2019-06-06 01:24:03.006  INFO 5964 --- [main] c.example.mpdemo.mapper.TestUserMapper   : Started TestUserMapper in 4.542 seconds (JVM running for 5.932)
2019-06-06 01:24:03.272  INFO 5964 --- [main] c.example.mpdemo.mapper.TestUserMapper   : UserVO(userId=3, userName=123, password=bbh, phone=phone3, modifyTime=Mon Sep 03 08:00:00 CST 2018, createTime=null, role=[Role(id=2, name=中书省, createTime=null, updateTime=null), Role(id=4, name=尚书省, createTime=null, updateTime=null)])
2019-06-06 01:24:03.288  INFO 5964 --- [Thread-2] o.s.s.concurrent.ThreadPoolTaskExecutor  : Shutting down ExecutorService 'applicationTaskExecutor'
2019-06-06 01:24:03.288  INFO 5964 --- [Thread-2] com.zaxxer.hikari.HikariDataSource       : primaryData - Shutdown initiated...
2019-06-06 01:24:03.303  INFO 5964 --- [Thread-2] com.zaxxer.hikari.HikariDataSource       : primaryData - Shutdown completed.
2019-06-06 01:25:24.710  INFO 16876 --- [main] c.example.mpdemo.mapper.TestUserMapper   : Starting TestUserMapper on honer with PID 16876 (started by fung in F:\workSpace\IDEA_workspace\mpdemo)
2019-06-06 01:25:24.710  INFO 16876 --- [main] c.example.mpdemo.mapper.TestUserMapper   : The following profiles are active: dev
2019-06-06 01:25:25.804  WARN 16876 --- [main] o.m.s.mapper.ClassPathMapperScanner      : Skipping MapperFactoryBean with name 'cityMapper' and 'com.example.mpdemo.mapper.CityMapper' mapperInterface. Bean already defined with the same name!
2019-06-06 01:25:25.804  WARN 16876 --- [main] o.m.s.mapper.ClassPathMapperScanner      : Skipping MapperFactoryBean with name 'roleMapper' and 'com.example.mpdemo.mapper.RoleMapper' mapperInterface. Bean already defined with the same name!
2019-06-06 01:25:25.804  WARN 16876 --- [main] o.m.s.mapper.ClassPathMapperScanner      : Skipping MapperFactoryBean with name 'userMapper' and 'com.example.mpdemo.mapper.UserMapper' mapperInterface. Bean already defined with the same name!
2019-06-06 01:25:25.804  WARN 16876 --- [main] o.m.s.mapper.ClassPathMapperScanner      : Skipping MapperFactoryBean with name 'userRoleMapper' and 'com.example.mpdemo.mapper.UserRoleMapper' mapperInterface. Bean already defined with the same name!
2019-06-06 01:25:25.819  WARN 16876 --- [main] o.m.s.mapper.ClassPathMapperScanner      : No MyBatis mapper was found in '[com.example.mpdemo.mapper]' package. Please check your configuration.
2019-06-06 01:25:27.085  INFO 16876 --- [main] com.zaxxer.hikari.HikariDataSource       : primaryData - Starting...
2019-06-06 01:25:27.303  INFO 16876 --- [main] com.zaxxer.hikari.HikariDataSource       : primaryData - Start completed.
2019-06-06 01:25:28.394  INFO 16876 --- [main] o.s.s.concurrent.ThreadPoolTaskExecutor  : Initializing ExecutorService 'applicationTaskExecutor'
2019-06-06 01:25:28.865  INFO 16876 --- [main] c.example.mpdemo.mapper.TestUserMapper   : Started TestUserMapper in 4.811 seconds (JVM running for 5.933)
2019-06-06 01:25:29.178  INFO 16876 --- [main] c.example.mpdemo.mapper.TestUserMapper   : UserVO(userId=3, userName=123, password=bbh, phone=phone3, modifyTime=Mon Sep 03 08:00:00 CST 2018, createTime=null, role=[Role(id=2, name=中书省, createTime=null, updateTime=null), Role(id=4, name=尚书省, createTime=null, updateTime=null)])
2019-06-06 01:25:29.178  INFO 16876 --- [Thread-2] o.s.s.concurrent.ThreadPoolTaskExecutor  : Shutting down ExecutorService 'applicationTaskExecutor'
2019-06-06 01:25:29.178  INFO 16876 --- [Thread-2] com.zaxxer.hikari.HikariDataSource       : primaryData - Shutdown initiated...
2019-06-06 01:25:29.209  INFO 16876 --- [Thread-2] com.zaxxer.hikari.HikariDataSource       : primaryData - Shutdown completed.
2019-06-06 01:27:00.761  INFO 27556 --- [main] c.example.mpdemo.mapper.TestUserMapper   : Starting TestUserMapper on honer with PID 27556 (started by fung in F:\workSpace\IDEA_workspace\mpdemo)
2019-06-06 01:27:00.808 DEBUG 27556 --- [main] c.example.mpdemo.mapper.TestUserMapper   : Running with Spring Boot v2.1.5.RELEASE, Spring v5.1.7.RELEASE
2019-06-06 01:27:00.808  INFO 27556 --- [main] c.example.mpdemo.mapper.TestUserMapper   : The following profiles are active: dev
2019-06-06 01:27:02.308  WARN 27556 --- [main] o.m.s.mapper.ClassPathMapperScanner      : Skipping MapperFactoryBean with name 'cityMapper' and 'com.example.mpdemo.mapper.CityMapper' mapperInterface. Bean already defined with the same name!
2019-06-06 01:27:02.308  WARN 27556 --- [main] o.m.s.mapper.ClassPathMapperScanner      : Skipping MapperFactoryBean with name 'roleMapper' and 'com.example.mpdemo.mapper.RoleMapper' mapperInterface. Bean already defined with the same name!
2019-06-06 01:27:02.323  WARN 27556 --- [main] o.m.s.mapper.ClassPathMapperScanner      : Skipping MapperFactoryBean with name 'userMapper' and 'com.example.mpdemo.mapper.UserMapper' mapperInterface. Bean already defined with the same name!
2019-06-06 01:27:02.323  WARN 27556 --- [main] o.m.s.mapper.ClassPathMapperScanner      : Skipping MapperFactoryBean with name 'userRoleMapper' and 'com.example.mpdemo.mapper.UserRoleMapper' mapperInterface. Bean already defined with the same name!
2019-06-06 01:27:02.323  WARN 27556 --- [main] o.m.s.mapper.ClassPathMapperScanner      : No MyBatis mapper was found in '[com.example.mpdemo.mapper]' package. Please check your configuration.
2019-06-06 01:27:03.598  INFO 27556 --- [main] com.zaxxer.hikari.HikariDataSource       : primaryData - Starting...
2019-06-06 01:27:03.785  INFO 27556 --- [main] com.zaxxer.hikari.HikariDataSource       : primaryData - Start completed.
2019-06-06 01:27:05.098  INFO 27556 --- [main] o.s.s.concurrent.ThreadPoolTaskExecutor  : Initializing ExecutorService 'applicationTaskExecutor'
2019-06-06 01:27:05.504  INFO 27556 --- [main] c.example.mpdemo.mapper.TestUserMapper   : Started TestUserMapper in 5.594 seconds (JVM running for 6.776)
2019-06-06 01:27:05.847  INFO 27556 --- [main] c.example.mpdemo.mapper.TestUserMapper   : UserVO(userId=3, userName=123, password=bbh, phone=phone3, modifyTime=Mon Sep 03 08:00:00 CST 2018, createTime=null, role=[Role(id=2, name=中书省, createTime=null, updateTime=null), Role(id=4, name=尚书省, createTime=null, updateTime=null)])
2019-06-06 01:27:05.863  INFO 27556 --- [Thread-2] o.s.s.concurrent.ThreadPoolTaskExecutor  : Shutting down ExecutorService 'applicationTaskExecutor'
2019-06-06 01:27:05.863  INFO 27556 --- [Thread-2] com.zaxxer.hikari.HikariDataSource       : primaryData - Shutdown initiated...
2019-06-06 01:27:05.879  INFO 27556 --- [Thread-2] com.zaxxer.hikari.HikariDataSource       : primaryData - Shutdown completed.
2019-06-06 01:28:13.847  INFO 25728 --- [main] c.example.mpdemo.mapper.TestUserMapper   : Starting TestUserMapper on honer with PID 25728 (started by fung in F:\workSpace\IDEA_workspace\mpdemo)
2019-06-06 01:28:13.847 DEBUG 25728 --- [main] c.example.mpdemo.mapper.TestUserMapper   : Running with Spring Boot v2.1.5.RELEASE, Spring v5.1.7.RELEASE
2019-06-06 01:28:13.847  INFO 25728 --- [main] c.example.mpdemo.mapper.TestUserMapper   : The following profiles are active: dev
2019-06-06 01:28:15.222  WARN 25728 --- [main] o.m.s.mapper.ClassPathMapperScanner      : Skipping MapperFactoryBean with name 'cityMapper' and 'com.example.mpdemo.mapper.CityMapper' mapperInterface. Bean already defined with the same name!
2019-06-06 01:28:15.222  WARN 25728 --- [main] o.m.s.mapper.ClassPathMapperScanner      : Skipping MapperFactoryBean with name 'roleMapper' and 'com.example.mpdemo.mapper.RoleMapper' mapperInterface. Bean already defined with the same name!
2019-06-06 01:28:15.222  WARN 25728 --- [main] o.m.s.mapper.ClassPathMapperScanner      : Skipping MapperFactoryBean with name 'userMapper' and 'com.example.mpdemo.mapper.UserMapper' mapperInterface. Bean already defined with the same name!
2019-06-06 01:28:15.222  WARN 25728 --- [main] o.m.s.mapper.ClassPathMapperScanner      : Skipping MapperFactoryBean with name 'userRoleMapper' and 'com.example.mpdemo.mapper.UserRoleMapper' mapperInterface. Bean already defined with the same name!
2019-06-06 01:28:15.238  WARN 25728 --- [main] o.m.s.mapper.ClassPathMapperScanner      : No MyBatis mapper was found in '[com.example.mpdemo.mapper]' package. Please check your configuration.
2019-06-06 01:28:16.536  INFO 25728 --- [main] com.zaxxer.hikari.HikariDataSource       : primaryData - Starting...
2019-06-06 01:28:16.739  INFO 25728 --- [main] com.zaxxer.hikari.HikariDataSource       : primaryData - Start completed.
2019-06-06 01:28:16.896  WARN 25728 --- [main] c.b.m.core.toolkit.TableInfoHelper       : Warn: Could not find @TableId in Class: com.example.mpdemo.entity.City.
2019-06-06 01:28:17.848  INFO 25728 --- [main] o.s.s.concurrent.ThreadPoolTaskExecutor  : Initializing ExecutorService 'applicationTaskExecutor'
2019-06-06 01:28:18.364  INFO 25728 --- [main] c.example.mpdemo.mapper.TestUserMapper   : Started TestUserMapper in 5.173 seconds (JVM running for 6.316)
2019-06-06 01:28:18.598 DEBUG 25728 --- [main] c.e.m.m.UserMapper.selectBatchRoleUser   : ==>  Preparing: select u.*,r.id as `roleId`,r.name as `role_name` from `user` u left join user_role ur on ur.`userId` = u.`userId` left join `role` r on r.id = ur.`roleId` where u.`userId` = ? 
2019-06-06 01:28:18.614 DEBUG 25728 --- [main] c.e.m.m.UserMapper.selectBatchRoleUser   : ==> Parameters: 3(Integer)
2019-06-06 01:28:18.645 DEBUG 25728 --- [main] c.e.m.m.UserMapper.selectBatchRoleUser   : <==      Total: 2
2019-06-06 01:28:18.645  INFO 25728 --- [main] c.example.mpdemo.mapper.TestUserMapper   : UserVO(userId=3, userName=123, password=bbh, phone=phone3, modifyTime=Mon Sep 03 08:00:00 CST 2018, createTime=null, role=[Role(id=2, name=中书省, createTime=null, updateTime=null), Role(id=4, name=尚书省, createTime=null, updateTime=null)])
2019-06-06 01:28:18.660  INFO 25728 --- [Thread-2] o.s.s.concurrent.ThreadPoolTaskExecutor  : Shutting down ExecutorService 'applicationTaskExecutor'
2019-06-06 01:28:18.660  INFO 25728 --- [Thread-2] com.zaxxer.hikari.HikariDataSource       : primaryData - Shutdown initiated...
2019-06-06 01:28:18.676  INFO 25728 --- [Thread-2] com.zaxxer.hikari.HikariDataSource       : primaryData - Shutdown completed.
2019-06-06 01:29:34.894  INFO 2456 --- [main] c.example.mpdemo.mapper.TestUserMapper   : Starting TestUserMapper on honer with PID 2456 (started by fung in F:\workSpace\IDEA_workspace\mpdemo)
2019-06-06 01:29:34.894 DEBUG 2456 --- [main] c.example.mpdemo.mapper.TestUserMapper   : Running with Spring Boot v2.1.5.RELEASE, Spring v5.1.7.RELEASE
2019-06-06 01:29:34.894  INFO 2456 --- [main] c.example.mpdemo.mapper.TestUserMapper   : The following profiles are active: dev
2019-06-06 01:29:36.285  WARN 2456 --- [main] o.m.s.mapper.ClassPathMapperScanner      : Skipping MapperFactoryBean with name 'cityMapper' and 'com.example.mpdemo.mapper.CityMapper' mapperInterface. Bean already defined with the same name!
2019-06-06 01:29:36.285  WARN 2456 --- [main] o.m.s.mapper.ClassPathMapperScanner      : Skipping MapperFactoryBean with name 'roleMapper' and 'com.example.mpdemo.mapper.RoleMapper' mapperInterface. Bean already defined with the same name!
2019-06-06 01:29:36.285  WARN 2456 --- [main] o.m.s.mapper.ClassPathMapperScanner      : Skipping MapperFactoryBean with name 'userMapper' and 'com.example.mpdemo.mapper.UserMapper' mapperInterface. Bean already defined with the same name!
2019-06-06 01:29:36.285  WARN 2456 --- [main] o.m.s.mapper.ClassPathMapperScanner      : Skipping MapperFactoryBean with name 'userRoleMapper' and 'com.example.mpdemo.mapper.UserRoleMapper' mapperInterface. Bean already defined with the same name!
2019-06-06 01:29:36.285  WARN 2456 --- [main] o.m.s.mapper.ClassPathMapperScanner      : No MyBatis mapper was found in '[com.example.mpdemo.mapper]' package. Please check your configuration.
2019-06-06 01:29:37.848  INFO 2456 --- [main] com.zaxxer.hikari.HikariDataSource       : primaryData - Starting...
2019-06-06 01:29:38.036  INFO 2456 --- [main] com.zaxxer.hikari.HikariDataSource       : primaryData - Start completed.
2019-06-06 01:29:38.208  WARN 2456 --- [main] c.b.m.core.toolkit.TableInfoHelper       : Warn: Could not find @TableId in Class: com.example.mpdemo.entity.City.
2019-06-06 01:29:39.286  INFO 2456 --- [main] o.s.s.concurrent.ThreadPoolTaskExecutor  : Initializing ExecutorService 'applicationTaskExecutor'
2019-06-06 01:29:39.738  INFO 2456 --- [main] c.example.mpdemo.mapper.TestUserMapper   : Started TestUserMapper in 5.469 seconds (JVM running for 6.622)
2019-06-06 01:29:39.942 DEBUG 2456 --- [main] c.e.m.m.UserMapper.selectBatchRoleUser   : ==>  Preparing: select u.*,r.id as `roleId`,r.name as `role_name` from `user` u left join user_role ur on ur.`userId` = u.`userId` left join `role` r on r.id = ur.`roleId` where u.`userId` = ? 
2019-06-06 01:29:39.973 DEBUG 2456 --- [main] c.e.m.m.UserMapper.selectBatchRoleUser   : ==> Parameters: 3(Integer)
2019-06-06 01:29:40.020 DEBUG 2456 --- [main] c.e.m.m.UserMapper.selectBatchRoleUser   : <==      Total: 2
2019-06-06 01:29:40.020  INFO 2456 --- [main] c.example.mpdemo.mapper.TestUserMapper   : UserVO(userId=3, userName=123, password=bbh, phone=phone3, modifyTime=Mon Sep 03 08:00:00 CST 2018, createTime=null, role=[Role(id=2, name=中书省, createTime=null, updateTime=null), Role(id=4, name=尚书省, createTime=null, updateTime=null)])
2019-06-06 01:29:40.035  INFO 2456 --- [Thread-2] o.s.s.concurrent.ThreadPoolTaskExecutor  : Shutting down ExecutorService 'applicationTaskExecutor'
2019-06-06 01:29:40.035  INFO 2456 --- [Thread-2] com.zaxxer.hikari.HikariDataSource       : primaryData - Shutdown initiated...
2019-06-06 01:29:40.066  INFO 2456 --- [Thread-2] com.zaxxer.hikari.HikariDataSource       : primaryData - Shutdown completed.
